/home/orangepi/car_ros2/install/rknn_yolo/lib/python3.10/site-packages/rknn_yolo/motor.py
/home/orangepi/car_ros2/install/rknn_yolo/lib/python3.10/site-packages/rknn_yolo/main.py
/home/orangepi/car_ros2/install/rknn_yolo/lib/python3.10/site-packages/rknn_yolo/one_number.py
/home/orangepi/car_ros2/install/rknn_yolo/lib/python3.10/site-packages/rknn_yolo/rknnpool.py
/home/orangepi/car_ros2/install/rknn_yolo/lib/python3.10/site-packages/rknn_yolo/camre.py
/home/orangepi/car_ros2/install/rknn_yolo/lib/python3.10/site-packages/rknn_yolo/opencv_pid.py
/home/orangepi/car_ros2/install/rknn_yolo/lib/python3.10/site-packages/rknn_yolo/func.py
/home/orangepi/car_ros2/install/rknn_yolo/lib/python3.10/site-packages/rknn_yolo/double_number.py
/home/orangepi/car_ros2/install/rknn_yolo/lib/python3.10/site-packages/rknn_yolo/targer.py
/home/orangepi/car_ros2/install/rknn_yolo/lib/python3.10/site-packages/rknn_yolo/__init__.py
/home/orangepi/car_ros2/install/rknn_yolo/lib/python3.10/site-packages/rknn_yolo/opencv_pid_1.py
/home/orangepi/car_ros2/install/rknn_yolo/lib/python3.10/site-packages/rknn_yolo/crossroad_detector.py
/home/orangepi/car_ros2/install/rknn_yolo/lib/python3.10/site-packages/rknn_yolo/__pycache__/motor.cpython-310.pyc
/home/orangepi/car_ros2/install/rknn_yolo/lib/python3.10/site-packages/rknn_yolo/__pycache__/main.cpython-310.pyc
/home/orangepi/car_ros2/install/rknn_yolo/lib/python3.10/site-packages/rknn_yolo/__pycache__/one_number.cpython-310.pyc
/home/orangepi/car_ros2/install/rknn_yolo/lib/python3.10/site-packages/rknn_yolo/__pycache__/rknnpool.cpython-310.pyc
/home/orangepi/car_ros2/install/rknn_yolo/lib/python3.10/site-packages/rknn_yolo/__pycache__/camre.cpython-310.pyc
/home/orangepi/car_ros2/install/rknn_yolo/lib/python3.10/site-packages/rknn_yolo/__pycache__/opencv_pid.cpython-310.pyc
/home/orangepi/car_ros2/install/rknn_yolo/lib/python3.10/site-packages/rknn_yolo/__pycache__/func.cpython-310.pyc
/home/orangepi/car_ros2/install/rknn_yolo/lib/python3.10/site-packages/rknn_yolo/__pycache__/double_number.cpython-310.pyc
/home/orangepi/car_ros2/install/rknn_yolo/lib/python3.10/site-packages/rknn_yolo/__pycache__/targer.cpython-310.pyc
/home/orangepi/car_ros2/install/rknn_yolo/lib/python3.10/site-packages/rknn_yolo/__pycache__/__init__.cpython-310.pyc
/home/orangepi/car_ros2/install/rknn_yolo/lib/python3.10/site-packages/rknn_yolo/__pycache__/opencv_pid_1.cpython-310.pyc
/home/orangepi/car_ros2/install/rknn_yolo/lib/python3.10/site-packages/rknn_yolo/__pycache__/crossroad_detector.cpython-310.pyc
/home/orangepi/car_ros2/install/rknn_yolo/share/ament_index/resource_index/packages/rknn_yolo
/home/orangepi/car_ros2/install/rknn_yolo/share/rknn_yolo/package.xml
/home/orangepi/car_ros2/install/rknn_yolo/share/rknn_yolo/launch/demo.launch.py
/home/orangepi/car_ros2/install/rknn_yolo/lib/python3.10/site-packages/rknn_yolo-0.0.0-py3.10.egg-info/top_level.txt
/home/orangepi/car_ros2/install/rknn_yolo/lib/python3.10/site-packages/rknn_yolo-0.0.0-py3.10.egg-info/zip-safe
/home/orangepi/car_ros2/install/rknn_yolo/lib/python3.10/site-packages/rknn_yolo-0.0.0-py3.10.egg-info/SOURCES.txt
/home/orangepi/car_ros2/install/rknn_yolo/lib/python3.10/site-packages/rknn_yolo-0.0.0-py3.10.egg-info/PKG-INFO
/home/orangepi/car_ros2/install/rknn_yolo/lib/python3.10/site-packages/rknn_yolo-0.0.0-py3.10.egg-info/dependency_links.txt
/home/orangepi/car_ros2/install/rknn_yolo/lib/python3.10/site-packages/rknn_yolo-0.0.0-py3.10.egg-info/requires.txt
/home/orangepi/car_ros2/install/rknn_yolo/lib/python3.10/site-packages/rknn_yolo-0.0.0-py3.10.egg-info/entry_points.txt
/home/orangepi/car_ros2/install/rknn_yolo/lib/rknn_yolo/camre
/home/orangepi/car_ros2/install/rknn_yolo/lib/rknn_yolo/crossroad_detector
/home/orangepi/car_ros2/install/rknn_yolo/lib/rknn_yolo/motor
/home/orangepi/car_ros2/install/rknn_yolo/lib/rknn_yolo/opencv_pid
/home/orangepi/car_ros2/install/rknn_yolo/lib/rknn_yolo/opencv_pid_1
/home/orangepi/car_ros2/install/rknn_yolo/lib/rknn_yolo/rknn_yolo
/home/orangepi/car_ros2/install/rknn_yolo/lib/rknn_yolo/targer
